2022-06-29 06:48:40.552  WARN 4156 --- [HikariPool-1 housekeeper] com.zaxxer.hikari.pool.HikariPool        : HikariPool-1 - Thread starvation or clock leap detected (housekeeper delta=13h20m7s829ms756µs600ns).
2022-06-29 06:49:37.670  INFO 4156 --- [AsyncResolver-bootstrap-executor-0] c.n.d.s.r.aws.ConfigClusterResolver      : Resolving eureka endpoints via configuration
2022-06-29 06:54:37.671  INFO 4156 --- [AsyncResolver-bootstrap-executor-0] c.n.d.s.r.aws.ConfigClusterResolver      : Resolving eureka endpoints via configuration
2022-06-29 06:59:37.674  INFO 4156 --- [AsyncResolver-bootstrap-executor-0] c.n.d.s.r.aws.ConfigClusterResolver      : Resolving eureka endpoints via configuration
2022-06-29 07:04:37.677  INFO 4156 --- [AsyncResolver-bootstrap-executor-0] c.n.d.s.r.aws.ConfigClusterResolver      : Resolving eureka endpoints via configuration
2022-06-29 07:09:37.680  INFO 4156 --- [AsyncResolver-bootstrap-executor-0] c.n.d.s.r.aws.ConfigClusterResolver      : Resolving eureka endpoints via configuration
2022-06-29 07:14:37.682  INFO 4156 --- [AsyncResolver-bootstrap-executor-0] c.n.d.s.r.aws.ConfigClusterResolver      : Resolving eureka endpoints via configuration
2022-06-29 07:19:37.686  INFO 4156 --- [AsyncResolver-bootstrap-executor-0] c.n.d.s.r.aws.ConfigClusterResolver      : Resolving eureka endpoints via configuration
2022-06-29 07:24:37.688  INFO 4156 --- [AsyncResolver-bootstrap-executor-0] c.n.d.s.r.aws.ConfigClusterResolver      : Resolving eureka endpoints via configuration
2022-06-29 07:29:37.689  INFO 4156 --- [AsyncResolver-bootstrap-executor-0] c.n.d.s.r.aws.ConfigClusterResolver      : Resolving eureka endpoints via configuration
2022-06-29 07:34:37.691  INFO 4156 --- [AsyncResolver-bootstrap-executor-0] c.n.d.s.r.aws.ConfigClusterResolver      : Resolving eureka endpoints via configuration
2022-06-29 07:39:37.693  INFO 4156 --- [AsyncResolver-bootstrap-executor-0] c.n.d.s.r.aws.ConfigClusterResolver      : Resolving eureka endpoints via configuration
2022-06-29 07:44:37.695  INFO 4156 --- [AsyncResolver-bootstrap-executor-0] c.n.d.s.r.aws.ConfigClusterResolver      : Resolving eureka endpoints via configuration
2022-06-29 08:32:41.710  WARN 4156 --- [HikariPool-1 housekeeper] com.zaxxer.hikari.pool.HikariPool        : HikariPool-1 - Thread starvation or clock leap detected (housekeeper delta=48m21s468ms709µs300ns).
2022-06-29 08:37:29.037  INFO 4156 --- [AsyncResolver-bootstrap-executor-0] c.n.d.s.r.aws.ConfigClusterResolver      : Resolving eureka endpoints via configuration
2022-06-29 08:42:29.039  INFO 4156 --- [AsyncResolver-bootstrap-executor-0] c.n.d.s.r.aws.ConfigClusterResolver      : Resolving eureka endpoints via configuration
2022-06-29 09:21:40.653  INFO 1936 --- [main] c.c.c.ConfigServicePropertySourceLocator : Fetching config from server at : http://localhost:9296
2022-06-29 09:21:40.826  INFO 1936 --- [main] c.c.c.ConfigServicePropertySourceLocator : Located environment: name=auth, profiles=[default], label=null, version=null, state=null
2022-06-29 09:21:40.826  INFO 1936 --- [main] b.c.PropertySourceBootstrapConfiguration : Located property source: [BootstrapPropertySource {name='bootstrapProperties-configClient'}]
2022-06-29 09:21:40.842  INFO 1936 --- [main] s.g.userservice.UserServiceApplication   : No active profile set, falling back to 1 default profile: "default"
2022-06-29 09:21:43.574  INFO 1936 --- [main] .s.d.r.c.RepositoryConfigurationDelegate : Bootstrapping Spring Data JPA repositories in DEFAULT mode.
2022-06-29 09:21:43.685  INFO 1936 --- [main] .s.d.r.c.RepositoryConfigurationDelegate : Finished Spring Data repository scanning in 106 ms. Found 5 JPA repository interfaces.
2022-06-29 09:21:43.891  INFO 1936 --- [main] o.s.cloud.context.scope.GenericScope     : BeanFactory id=7456bc56-9911-38d6-bf3c-c2fb2749cc8c
2022-06-29 09:21:44.189  INFO 1936 --- [main] trationDelegate$BeanPostProcessorChecker : Bean 'org.springframework.security.access.expression.method.DefaultMethodSecurityExpressionHandler@411cd156' of type [org.springframework.security.access.expression.method.DefaultMethodSecurityExpressionHandler] is not eligible for getting processed by all BeanPostProcessors (for example: not eligible for auto-proxying)
2022-06-29 09:21:44.189  INFO 1936 --- [main] trationDelegate$BeanPostProcessorChecker : Bean 'methodSecurityMetadataSource' of type [org.springframework.security.access.method.DelegatingMethodSecurityMetadataSource] is not eligible for getting processed by all BeanPostProcessors (for example: not eligible for auto-proxying)
2022-06-29 09:21:44.363  INFO 1936 --- [main] o.s.b.w.embedded.tomcat.TomcatWebServer  : Tomcat initialized with port(s): 8085 (http)
2022-06-29 09:21:44.363  INFO 1936 --- [main] o.apache.catalina.core.StandardService   : Starting service [Tomcat]
2022-06-29 09:21:44.363  INFO 1936 --- [main] org.apache.catalina.core.StandardEngine  : Starting Servlet engine: [Apache Tomcat/9.0.58]
2022-06-29 09:21:44.488  INFO 1936 --- [main] o.a.c.c.C.[Tomcat].[localhost].[/]       : Initializing Spring embedded WebApplicationContext
2022-06-29 09:21:44.488  INFO 1936 --- [main] w.s.c.ServletWebServerApplicationContext : Root WebApplicationContext: initialization completed in 3615 ms
2022-06-29 09:21:44.816  INFO 1936 --- [main] o.hibernate.jpa.internal.util.LogHelper  : HHH000204: Processing PersistenceUnitInfo [name: default]
2022-06-29 09:21:44.925  INFO 1936 --- [main] org.hibernate.Version                    : HHH000412: Hibernate ORM core version 5.4.33
2022-06-29 09:21:45.128  INFO 1936 --- [main] o.hibernate.annotations.common.Version   : HCANN000001: Hibernate Commons Annotations {5.1.2.Final}
2022-06-29 09:21:45.398  INFO 1936 --- [main] com.zaxxer.hikari.HikariDataSource       : HikariPool-1 - Starting...
2022-06-29 09:21:45.875  INFO 1936 --- [main] com.zaxxer.hikari.HikariDataSource       : HikariPool-1 - Start completed.
2022-06-29 09:21:45.875  INFO 1936 --- [main] org.hibernate.dialect.Dialect            : HHH000400: Using dialect: org.hibernate.dialect.MySQL55Dialect
2022-06-29 09:21:47.264  INFO 1936 --- [main] o.h.e.t.j.p.i.JtaPlatformInitiator       : HHH000490: Using JtaPlatform implementation: [org.hibernate.engine.transaction.jta.platform.internal.NoJtaPlatform]
2022-06-29 09:21:47.374  INFO 1936 --- [main] j.LocalContainerEntityManagerFactoryBean : Initialized JPA EntityManagerFactory for persistence unit 'default'
2022-06-29 09:21:48.441  WARN 1936 --- [main] JpaBaseConfiguration$JpaWebConfiguration : spring.jpa.open-in-view is enabled by default. Therefore, database queries may be performed during view rendering. Explicitly configure spring.jpa.open-in-view to disable this warning
2022-06-29 09:21:48.504  INFO 1936 --- [main] o.s.c.openfeign.FeignClientFactoryBean   : For 'appplication-service' URL not provided. Will try picking an instance via load-balancing.
2022-06-29 09:21:48.941  INFO 1936 --- [main] o.s.s.web.DefaultSecurityFilterChain     : Will not secure any request
2022-06-29 09:21:49.509  INFO 1936 --- [main] DiscoveryClientOptionalArgsConfiguration : Eureka HTTP Client uses RestTemplate.
2022-06-29 09:21:49.825  WARN 1936 --- [main] iguration$LoadBalancerCaffeineWarnLogger : Spring Cloud LoadBalancer is currently working with the default cache. While this cache implementation is useful for development and tests, it's recommended to use Caffeine cache in production.You can switch to using Caffeine cache, by adding it and org.springframework.cache.caffeine.CaffeineCacheManager to the classpath.
2022-06-29 09:21:49.887  INFO 1936 --- [main] o.s.c.n.eureka.InstanceInfoFactory       : Setting initial instance status as: STARTING
2022-06-29 09:21:49.903  INFO 1936 --- [main] com.netflix.discovery.DiscoveryClient    : Initializing Eureka in region us-east-1
2022-06-29 09:21:49.934  INFO 1936 --- [main] c.n.d.s.r.aws.ConfigClusterResolver      : Resolving eureka endpoints via configuration
2022-06-29 09:21:49.950  INFO 1936 --- [main] com.netflix.discovery.DiscoveryClient    : Disable delta property : false
2022-06-29 09:21:49.950  INFO 1936 --- [main] com.netflix.discovery.DiscoveryClient    : Single vip registry refresh property : null
2022-06-29 09:21:49.950  INFO 1936 --- [main] com.netflix.discovery.DiscoveryClient    : Force full registry fetch : false
2022-06-29 09:21:49.950  INFO 1936 --- [main] com.netflix.discovery.DiscoveryClient    : Application is null : false
2022-06-29 09:21:49.950  INFO 1936 --- [main] com.netflix.discovery.DiscoveryClient    : Registered Applications size is zero : true
2022-06-29 09:21:49.950  INFO 1936 --- [main] com.netflix.discovery.DiscoveryClient    : Application version is -1: true
2022-06-29 09:21:49.950  INFO 1936 --- [main] com.netflix.discovery.DiscoveryClient    : Getting all instance registry info from the eureka server
2022-06-29 09:21:50.168  INFO 1936 --- [main] com.netflix.discovery.DiscoveryClient    : The response status is 200
2022-06-29 09:21:50.168  INFO 1936 --- [main] com.netflix.discovery.DiscoveryClient    : Starting heartbeat executor: renew interval is: 30
2022-06-29 09:21:50.168  INFO 1936 --- [main] c.n.discovery.InstanceInfoReplicator     : InstanceInfoReplicator onDemand update allowed rate per min is 4
2022-06-29 09:21:50.168  INFO 1936 --- [main] com.netflix.discovery.DiscoveryClient    : Discovery Client initialized at timestamp 1656494510168 with initial instances count: 2
2022-06-29 09:21:50.168  INFO 1936 --- [main] o.s.c.n.e.s.EurekaServiceRegistry        : Registering application AUTH with eureka with status UP
2022-06-29 09:21:50.168  INFO 1936 --- [main] com.netflix.discovery.DiscoveryClient    : Saw local status change event StatusChangeEvent [timestamp=1656494510168, current=UP, previous=STARTING]
2022-06-29 09:21:50.168  INFO 1936 --- [DiscoveryClient-InstanceInfoReplicator-0] com.netflix.discovery.DiscoveryClient    : DiscoveryClient_AUTH/G2K-STAGEDDL5.gainde2000.sn:auth:8085: registering service...
2022-06-29 09:21:50.184  INFO 1936 --- [main] o.s.b.w.embedded.tomcat.TomcatWebServer  : Tomcat started on port(s): 8085 (http) with context path ''
2022-06-29 09:21:50.184  INFO 1936 --- [main] .s.c.n.e.s.EurekaAutoServiceRegistration : Updating port to 8085
2022-06-29 09:21:50.200  INFO 1936 --- [DiscoveryClient-InstanceInfoReplicator-0] com.netflix.discovery.DiscoveryClient    : DiscoveryClient_AUTH/G2K-STAGEDDL5.gainde2000.sn:auth:8085 - registration status: 204
2022-06-29 09:21:50.482  INFO 1936 --- [main] s.g.userservice.UserServiceApplication   : Started UserServiceApplication in 11.345 seconds (JVM running for 12.287)
2022-06-29 09:26:50.309  INFO 1936 --- [AsyncResolver-bootstrap-executor-0] c.n.d.s.r.aws.ConfigClusterResolver      : Resolving eureka endpoints via configuration
2022-06-29 09:31:50.319  INFO 1936 --- [AsyncResolver-bootstrap-executor-0] c.n.d.s.r.aws.ConfigClusterResolver      : Resolving eureka endpoints via configuration
2022-06-29 09:36:50.333  INFO 1936 --- [AsyncResolver-bootstrap-executor-0] c.n.d.s.r.aws.ConfigClusterResolver      : Resolving eureka endpoints via configuration
2022-06-29 09:41:50.334  INFO 1936 --- [AsyncResolver-bootstrap-executor-0] c.n.d.s.r.aws.ConfigClusterResolver      : Resolving eureka endpoints via configuration
2022-06-29 09:46:50.344  INFO 1936 --- [AsyncResolver-bootstrap-executor-0] c.n.d.s.r.aws.ConfigClusterResolver      : Resolving eureka endpoints via configuration
2022-06-29 09:51:50.359  INFO 1936 --- [AsyncResolver-bootstrap-executor-0] c.n.d.s.r.aws.ConfigClusterResolver      : Resolving eureka endpoints via configuration
2022-06-29 09:56:50.364  INFO 1936 --- [AsyncResolver-bootstrap-executor-0] c.n.d.s.r.aws.ConfigClusterResolver      : Resolving eureka endpoints via configuration
2022-06-29 10:01:50.365  INFO 1936 --- [AsyncResolver-bootstrap-executor-0] c.n.d.s.r.aws.ConfigClusterResolver      : Resolving eureka endpoints via configuration
2022-06-29 10:06:50.367  INFO 1936 --- [AsyncResolver-bootstrap-executor-0] c.n.d.s.r.aws.ConfigClusterResolver      : Resolving eureka endpoints via configuration
2022-06-29 10:11:50.370  INFO 1936 --- [AsyncResolver-bootstrap-executor-0] c.n.d.s.r.aws.ConfigClusterResolver      : Resolving eureka endpoints via configuration
2022-06-29 10:16:50.384  INFO 1936 --- [AsyncResolver-bootstrap-executor-0] c.n.d.s.r.aws.ConfigClusterResolver      : Resolving eureka endpoints via configuration
2022-06-29 10:21:50.386  INFO 1936 --- [AsyncResolver-bootstrap-executor-0] c.n.d.s.r.aws.ConfigClusterResolver      : Resolving eureka endpoints via configuration
2022-06-29 10:26:50.391  INFO 1936 --- [AsyncResolver-bootstrap-executor-0] c.n.d.s.r.aws.ConfigClusterResolver      : Resolving eureka endpoints via configuration
2022-06-29 10:31:50.401  INFO 1936 --- [AsyncResolver-bootstrap-executor-0] c.n.d.s.r.aws.ConfigClusterResolver      : Resolving eureka endpoints via configuration
2022-06-29 10:36:50.406  INFO 1936 --- [AsyncResolver-bootstrap-executor-0] c.n.d.s.r.aws.ConfigClusterResolver      : Resolving eureka endpoints via configuration
2022-06-29 10:41:50.421  INFO 1936 --- [AsyncResolver-bootstrap-executor-0] c.n.d.s.r.aws.ConfigClusterResolver      : Resolving eureka endpoints via configuration
2022-06-29 10:46:50.431  INFO 1936 --- [AsyncResolver-bootstrap-executor-0] c.n.d.s.r.aws.ConfigClusterResolver      : Resolving eureka endpoints via configuration
2022-06-29 10:51:50.446  INFO 1936 --- [AsyncResolver-bootstrap-executor-0] c.n.d.s.r.aws.ConfigClusterResolver      : Resolving eureka endpoints via configuration
2022-06-29 10:56:50.450  INFO 1936 --- [AsyncResolver-bootstrap-executor-0] c.n.d.s.r.aws.ConfigClusterResolver      : Resolving eureka endpoints via configuration
2022-06-29 11:01:50.463  INFO 1936 --- [AsyncResolver-bootstrap-executor-0] c.n.d.s.r.aws.ConfigClusterResolver      : Resolving eureka endpoints via configuration
2022-06-29 11:06:50.465  INFO 1936 --- [AsyncResolver-bootstrap-executor-0] c.n.d.s.r.aws.ConfigClusterResolver      : Resolving eureka endpoints via configuration
2022-06-29 11:11:50.472  INFO 1936 --- [AsyncResolver-bootstrap-executor-0] c.n.d.s.r.aws.ConfigClusterResolver      : Resolving eureka endpoints via configuration
2022-06-29 11:16:50.484  INFO 1936 --- [AsyncResolver-bootstrap-executor-0] c.n.d.s.r.aws.ConfigClusterResolver      : Resolving eureka endpoints via configuration
2022-06-29 11:21:50.496  INFO 1936 --- [AsyncResolver-bootstrap-executor-0] c.n.d.s.r.aws.ConfigClusterResolver      : Resolving eureka endpoints via configuration
2022-06-29 11:26:50.511  INFO 1936 --- [AsyncResolver-bootstrap-executor-0] c.n.d.s.r.aws.ConfigClusterResolver      : Resolving eureka endpoints via configuration
2022-06-29 11:31:50.524  INFO 1936 --- [AsyncResolver-bootstrap-executor-0] c.n.d.s.r.aws.ConfigClusterResolver      : Resolving eureka endpoints via configuration
2022-06-29 11:36:50.540  INFO 1936 --- [AsyncResolver-bootstrap-executor-0] c.n.d.s.r.aws.ConfigClusterResolver      : Resolving eureka endpoints via configuration
2022-06-29 11:41:50.547  INFO 1936 --- [AsyncResolver-bootstrap-executor-0] c.n.d.s.r.aws.ConfigClusterResolver      : Resolving eureka endpoints via configuration
2022-06-29 11:46:50.549  INFO 1936 --- [AsyncResolver-bootstrap-executor-0] c.n.d.s.r.aws.ConfigClusterResolver      : Resolving eureka endpoints via configuration
2022-06-29 11:51:50.551  INFO 1936 --- [AsyncResolver-bootstrap-executor-0] c.n.d.s.r.aws.ConfigClusterResolver      : Resolving eureka endpoints via configuration
2022-06-29 11:56:50.553  INFO 1936 --- [AsyncResolver-bootstrap-executor-0] c.n.d.s.r.aws.ConfigClusterResolver      : Resolving eureka endpoints via configuration
2022-06-29 12:01:50.555  INFO 1936 --- [AsyncResolver-bootstrap-executor-0] c.n.d.s.r.aws.ConfigClusterResolver      : Resolving eureka endpoints via configuration
2022-06-29 12:06:50.561  INFO 1936 --- [AsyncResolver-bootstrap-executor-0] c.n.d.s.r.aws.ConfigClusterResolver      : Resolving eureka endpoints via configuration
2022-06-29 12:11:50.567  INFO 1936 --- [AsyncResolver-bootstrap-executor-0] c.n.d.s.r.aws.ConfigClusterResolver      : Resolving eureka endpoints via configuration
2022-06-29 12:16:50.584  INFO 1936 --- [AsyncResolver-bootstrap-executor-0] c.n.d.s.r.aws.ConfigClusterResolver      : Resolving eureka endpoints via configuration
2022-06-29 12:21:50.634  INFO 1936 --- [AsyncResolver-bootstrap-executor-0] c.n.d.s.r.aws.ConfigClusterResolver      : Resolving eureka endpoints via configuration
2022-06-29 12:26:50.691  INFO 1936 --- [AsyncResolver-bootstrap-executor-0] c.n.d.s.r.aws.ConfigClusterResolver      : Resolving eureka endpoints via configuration
2022-06-29 12:31:50.709  INFO 1936 --- [AsyncResolver-bootstrap-executor-0] c.n.d.s.r.aws.ConfigClusterResolver      : Resolving eureka endpoints via configuration
2022-06-29 12:36:50.721  INFO 1936 --- [AsyncResolver-bootstrap-executor-0] c.n.d.s.r.aws.ConfigClusterResolver      : Resolving eureka endpoints via configuration
2022-06-29 12:41:50.735  INFO 1936 --- [AsyncResolver-bootstrap-executor-0] c.n.d.s.r.aws.ConfigClusterResolver      : Resolving eureka endpoints via configuration
2022-06-29 12:46:50.741  INFO 1936 --- [AsyncResolver-bootstrap-executor-0] c.n.d.s.r.aws.ConfigClusterResolver      : Resolving eureka endpoints via configuration
2022-06-29 12:52:04.542  INFO 1936 --- [AsyncResolver-bootstrap-executor-0] c.n.d.s.r.aws.ConfigClusterResolver      : Resolving eureka endpoints via configuration
2022-06-29 12:57:04.549  INFO 1936 --- [AsyncResolver-bootstrap-executor-0] c.n.d.s.r.aws.ConfigClusterResolver      : Resolving eureka endpoints via configuration
2022-06-29 13:02:04.571  INFO 1936 --- [AsyncResolver-bootstrap-executor-0] c.n.d.s.r.aws.ConfigClusterResolver      : Resolving eureka endpoints via configuration
2022-06-29 13:07:04.573  INFO 1936 --- [AsyncResolver-bootstrap-executor-0] c.n.d.s.r.aws.ConfigClusterResolver      : Resolving eureka endpoints via configuration
2022-06-29 13:12:04.577  INFO 1936 --- [AsyncResolver-bootstrap-executor-0] c.n.d.s.r.aws.ConfigClusterResolver      : Resolving eureka endpoints via configuration
2022-06-29 13:17:04.580  INFO 1936 --- [AsyncResolver-bootstrap-executor-0] c.n.d.s.r.aws.ConfigClusterResolver      : Resolving eureka endpoints via configuration
2022-06-29 13:22:04.582  INFO 1936 --- [AsyncResolver-bootstrap-executor-0] c.n.d.s.r.aws.ConfigClusterResolver      : Resolving eureka endpoints via configuration
2022-06-29 13:27:04.589  INFO 1936 --- [AsyncResolver-bootstrap-executor-0] c.n.d.s.r.aws.ConfigClusterResolver      : Resolving eureka endpoints via configuration
2022-06-29 13:32:04.598  INFO 1936 --- [AsyncResolver-bootstrap-executor-0] c.n.d.s.r.aws.ConfigClusterResolver      : Resolving eureka endpoints via configuration
2022-06-29 13:37:04.605  INFO 1936 --- [AsyncResolver-bootstrap-executor-0] c.n.d.s.r.aws.ConfigClusterResolver      : Resolving eureka endpoints via configuration
2022-06-29 13:42:04.614  INFO 1936 --- [AsyncResolver-bootstrap-executor-0] c.n.d.s.r.aws.ConfigClusterResolver      : Resolving eureka endpoints via configuration
2022-06-29 13:47:04.624  INFO 1936 --- [AsyncResolver-bootstrap-executor-0] c.n.d.s.r.aws.ConfigClusterResolver      : Resolving eureka endpoints via configuration
2022-06-29 13:52:04.636  INFO 1936 --- [AsyncResolver-bootstrap-executor-0] c.n.d.s.r.aws.ConfigClusterResolver      : Resolving eureka endpoints via configuration
2022-06-29 13:57:04.639  INFO 1936 --- [AsyncResolver-bootstrap-executor-0] c.n.d.s.r.aws.ConfigClusterResolver      : Resolving eureka endpoints via configuration
